===== CONFIGURATION =====
=== MODULE LOADS ===
=== CPU ARCHITECTURE ===
Architecture:        x86_64
CPU op-mode(s):      32-bit, 64-bit
Byte Order:          Little Endian
CPU(s):              48
On-line CPU(s) list: 0-47
Thread(s) per core:  1
Core(s) per socket:  24
Socket(s):           2
NUMA node(s):        4
Vendor ID:           GenuineIntel
CPU family:          6
Model:               85
Model name:          Intel(R) Xeon(R) Platinum 8268 CPU @ 2.90GHz
Stepping:            7
CPU MHz:             3500.008
BogoMIPS:            5800.00
Virtualization:      VT-x
L1d cache:           32K
L1i cache:           32K
L2 cache:            1024K
L3 cache:            36608K
NUMA node0 CPU(s):   0,4,8,12,16,20,24,28,32,36,40,44
NUMA node1 CPU(s):   1,5,9,13,17,21,25,29,33,37,41,45
NUMA node2 CPU(s):   2,6,10,14,18,22,26,30,34,38,42,46
NUMA node3 CPU(s):   3,7,11,15,19,23,27,31,35,39,43,47
Flags:               fpu vme de pse tsc msr pae mce cx8 apic sep mtrr pge mca cmov pat pse36 clflush dts acpi mmx fxsr sse sse2 ss ht tm pbe syscall nx pdpe1gb rdtscp lm constant_tsc art arch_perfmon pebs bts rep_good nopl xtopology nonstop_tsc cpuid aperfmperf pni pclmulqdq dtes64 monitor ds_cpl vmx smx est tm2 ssse3 sdbg fma cx16 xtpr pdcm pcid dca sse4_1 sse4_2 x2apic movbe popcnt tsc_deadline_timer aes xsave avx f16c rdrand lahf_lm abm 3dnowprefetch cpuid_fault epb cat_l3 cdp_l3 invpcid_single intel_ppin ssbd mba ibrs ibpb stibp ibrs_enhanced fsgsbase tsc_adjust bmi1 hle avx2 smep bmi2 erms invpcid cqm mpx rdt_a avx512f avx512dq rdseed adx smap clflushopt clwb intel_pt avx512cd avx512bw avx512vl xsaveopt xsavec xgetbv1 xsaves cqm_llc cqm_occup_llc cqm_mbm_total cqm_mbm_local dtherm ida arat pln pts pku ospke avx512_vnni md_clear flush_l1d arch_capabilities
=== SLURM CONFIG ===
JobId=793805 JobName=rust-rayoniiabxlw_.sbatch
   UserId=csuxvf(18094) GroupId=csuxvf(18094) MCS_label=N/A
   Priority=764898 Nice=0 Account=dcsug QOS=dcsug
   JobState=RUNNING Reason=None Dependency=(null)
   Requeue=1 Restarts=0 BatchFlag=1 Reboot=0 ExitCode=0:0
   RunTime=00:00:14 TimeLimit=00:10:00 TimeMin=N/A
   SubmitTime=2024-04-03T21:35:43 EligibleTime=2024-04-03T21:35:43
   AccrueTime=2024-04-03T21:35:43
   StartTime=2024-04-03T21:36:10 EndTime=2024-04-03T21:46:10 Deadline=N/A
   SuspendTime=None SecsPreSuspend=0 LastSchedEval=2024-04-03T21:36:10
   Partition=compute AllocNode:Sid=login01:1793594
   ReqNodeList=(null) ExcNodeList=(null)
   NodeList=node015
   BatchHost=node015
   NumNodes=1 NumCPUs=16 NumTasks=1 CPUs/Task=16 ReqB:S:C:T=0:0:*:*
   TRES=cpu=16,mem=16000M,node=1,billing=16
   Socks/Node=* NtasksPerN:B:S:C=1:0:*:* CoreSpec=*
   MinCPUsNode=16 MinMemoryNode=16000M MinTmpDiskNode=0
   Features=(null) DelayBoot=00:00:00
   OverSubscribe=MCS Contiguous=0 Licenses=(null) Network=(null)
   Command=/gpfs/home/dcs/csuxvf/Desktop/hpccg-rs/hpc-multibench/rust-rayoniiabxlw_.sbatch
   WorkDir=/gpfs/home/dcs/csuxvf/Desktop/hpccg-rs/hpc-multibench
   StdErr=/gpfs/home/dcs/csuxvf/Desktop/hpccg-rs/hpc-multibench/results/roofline-plots/rust-rayon__793805.out
   StdIn=/dev/null
   StdOut=/gpfs/home/dcs/csuxvf/Desktop/hpccg-rs/hpc-multibench/results/roofline-plots/rust-rayon__793805.out
   Power=
   NtasksPerTRES:0

=== RUN INSTANTIATION ===
{args: 100 100 100}

===== BUILD =====
    Blocking waiting for file lock on package cache
   Compiling crossbeam-utils v0.8.19
   Compiling rayon-core v1.12.1
   Compiling libc v0.2.153
   Compiling either v1.9.0
   Compiling crossbeam-epoch v0.9.18
   Compiling crossbeam-deque v0.8.5
   Compiling rayon v1.8.1
   Compiling hpccg-rs v0.1.0 (/gpfs/home/dcs/csuxvf/Desktop/hpccg-rs/6_parallel)
    Finished release [optimized] target(s) in 11.74s

===== RUN =====
Initial Residual = +2.64723e3
Iteration = 15 , Residual = +3.50277e1
Iteration = 30 , Residual = +2.26539e-1
Iteration = 45 , Residual = +1.35667e-3
Iteration = 60 , Residual = +4.48711e-6
Iteration = 75 , Residual = +2.14840e-8
Iteration = 90 , Residual = +7.33630e-11
Iteration = 105 , Residual = +1.96577e-13
Iteration = 120 , Residual = +5.46633e-16
Iteration = 135 , Residual = +1.38116e-18
Iteration = 149 , Residual = +7.99489e-21
Mini-Application Name: hpccg-parallel
Mini-Application Version: 1.0
Parallelism:
  MPI not enabled:
  Rayon enabled
Dimensions:
  nx: 100
  ny: 100
  nz: 100
Number of iterations: 149
Final residual: 7.99489e-21
#********** Performance Summary (times in sec) ***********
Time Summary:
  Total: 20.7775
  DDOT: 0.9116
  WAXPBY: 3.2793
  SPARSEMV: 16.5792
FLOPS Summary:
  Total: 9536000000
  DDOT: 596000000
  WAXPBY: 894000000
  SPARSEMV: 8046000000
MFLOPS Summary:
  Total: 458.9588
  DDOT: 653.8113
  WAXPBY: 272.6168
  SPARSEMV: 485.3055
Difference between computed and exact = 3.44169e-15.
--------------------------------------------------------------------------------
Group 1: MEM
+-----------------------+---------+-------------+-------------+-------------+-------------+-------------+
|         Event         | Counter |  HWThread 0 |  HWThread 1 |  HWThread 2 |  HWThread 3 |  HWThread 4 |
+-----------------------+---------+-------------+-------------+-------------+-------------+-------------+
|   INSTR_RETIRED_ANY   |  FIXC0  |  6172439122 |  7288246802 |  7884980196 |  6237027554 |  5762208015 |
| CPU_CLK_UNHALTED_CORE |  FIXC1  | 11559809249 | 11456167371 | 11700393478 | 11352328287 | 11328335242 |
|  CPU_CLK_UNHALTED_REF |  FIXC2  |  8458153927 |  8411138992 |  8524152456 |  8345908545 |  8336036774 |
|       DRAM_READS      | MBOX0C1 |  1661853391 |           0 |           0 |           0 |           0 |
|      DRAM_WRITES      | MBOX0C2 |   244774770 |           0 |           0 |           0 |           0 |
+-----------------------+---------+-------------+-------------+-------------+-------------+-------------+

+----------------------------+---------+-------------+-------------+-------------+--------------+
|            Event           | Counter |     Sum     |     Min     |     Max     |      Avg     |
+----------------------------+---------+-------------+-------------+-------------+--------------+
|   INSTR_RETIRED_ANY STAT   |  FIXC0  | 33344901689 |  5762208015 |  7884980196 | 6.668980e+09 |
| CPU_CLK_UNHALTED_CORE STAT |  FIXC1  | 57397033627 | 11328335242 | 11700393478 | 1.147941e+10 |
|  CPU_CLK_UNHALTED_REF STAT |  FIXC2  | 42075390694 |  8336036774 |  8524152456 | 8.415078e+09 |
|       DRAM_READS STAT      | MBOX0C1 |  1661853391 |           0 |  1661853391 | 3.323707e+08 |
|      DRAM_WRITES STAT      | MBOX0C2 |   244774770 |           0 |   244774770 |     48954954 |
+----------------------------+---------+-------------+-------------+-------------+--------------+

+-----------------------------------+------------+------------+------------+------------+------------+
|               Metric              | HWThread 0 | HWThread 1 | HWThread 2 | HWThread 3 | HWThread 4 |
+-----------------------------------+------------+------------+------------+------------+------------+
|        Runtime (RDTSC) [s]        |     4.6317 |     4.6317 |     4.6317 |     4.6317 |     4.6317 |
|        Runtime unhalted [s]       |     5.8032 |     5.7511 |     5.8737 |     5.6990 |     5.6870 |
|            Clock [MHz]            |  2722.4527 |  2713.1250 |  2734.2267 |  2709.5463 |  2707.0217 |
|                CPI                |     1.8728 |     1.5719 |     1.4839 |     1.8202 |     1.9660 |
|  Memory load bandwidth [MBytes/s] | 22962.9936 |          0 |          0 |          0 |          0 |
|  Memory load data volume [GBytes] |   106.3586 |          0 |          0 |          0 |          0 |
| Memory evict bandwidth [MBytes/s] |  3382.2246 |          0 |          0 |          0 |          0 |
| Memory evict data volume [GBytes] |    15.6656 |          0 |          0 |          0 |          0 |
|    Memory bandwidth [MBytes/s]    | 26345.2183 |          0 |          0 |          0 |          0 |
|    Memory data volume [GBytes]    |   122.0242 |          0 |          0 |          0 |          0 |
+-----------------------------------+------------+------------+------------+------------+------------+

+----------------------------------------+------------+-----------+------------+-----------+
|                 Metric                 |     Sum    |    Min    |     Max    |    Avg    |
+----------------------------------------+------------+-----------+------------+-----------+
|        Runtime (RDTSC) [s] STAT        |    23.1585 |    4.6317 |     4.6317 |    4.6317 |
|        Runtime unhalted [s] STAT       |    28.8140 |    5.6870 |     5.8737 |    5.7628 |
|            Clock [MHz] STAT            | 13586.3724 | 2707.0217 |  2734.2267 | 2717.2745 |
|                CPI STAT                |     8.7148 |    1.4839 |     1.9660 |    1.7430 |
|  Memory load bandwidth [MBytes/s] STAT | 22962.9936 |         0 | 22962.9936 | 4592.5987 |
|  Memory load data volume [GBytes] STAT |   106.3586 |         0 |   106.3586 |   21.2717 |
| Memory evict bandwidth [MBytes/s] STAT |  3382.2246 |         0 |  3382.2246 |  676.4449 |
| Memory evict data volume [GBytes] STAT |    15.6656 |         0 |    15.6656 |    3.1331 |
|    Memory bandwidth [MBytes/s] STAT    | 26345.2183 |         0 | 26345.2183 | 5269.0437 |
|    Memory data volume [GBytes] STAT    |   122.0242 |         0 |   122.0242 |   24.4048 |
+----------------------------------------+------------+-----------+------------+-----------+

real 1.72
user 23.62
sys 0.31
